<?xml version="1.0" encoding="UTF-8"?>
<testsuite xmlns:xsi="http://www.w3.org/2001/XMLSchema-instance" xsi:noNamespaceSchemaLocation="https://maven.apache.org/surefire/maven-surefire-plugin/xsd/surefire-test-report-3.0.xsd" version="3.0" name="hu.nye.docassist.service.ClientServiceTest" time="2.724" tests="3" errors="0" skipped="0" failures="0">
  <properties>
[...]
</properties>
  <testcase name="testGetClientById" classname="hu.nye.docassist.service.ClientServiceTest" time="2.653"/>
  <testcase name="testSaveClient" classname="hu.nye.docassist.service.ClientServiceTest" time="0.01"/>
  <testcase name="testGetClientById_NotFound" classname="hu.nye.docassist.service.ClientServiceTest" time="0.006"/>
</testsuite>